<?xml version="1.0" encoding="UTF-8"?>
<testng-results skipped="0" failed="0" ignored="0" total="1" passed="1">
  <reporter-output>
  </reporter-output>
  <suite name="Default suite" duration-ms="79363" started-at="2019-12-12T00:03:41 IST" finished-at="2019-12-12T00:05:00 IST">
    <groups>
    </groups>
    <test name="Default test" duration-ms="79363" started-at="2019-12-12T00:03:41 IST" finished-at="2019-12-12T00:05:00 IST">
      <class name="com.qualtech.framework.demo.automationscript.login.LoginScript">
        <test-method status="PASS" signature="verifyLogin()[pri:1, instance:com.qualtech.framework.demo.automationscript.login.LoginScript@5e853265]" name="verifyLogin" duration-ms="79271" started-at="2019-12-12T00:03:41 IST" finished-at="2019-12-12T00:05:00 IST">
          <reporter-output>
          </reporter-output>
        </test-method> <!-- verifyLogin -->
      </class> <!-- com.qualtech.framework.demo.automationscript.login.LoginScript -->
    </test> <!-- Default test -->
  </suite> <!-- Default suite -->
</testng-results>
